Determining if the pthread_create exist failed with the following output:
Change Dir: /home/mistery/opt/Ulx3sSmp/buildroot-build/build/eez-simulator/CMakeFiles/CMakeTmp

Run Build Command:"/usr/bin/make" "cmTC_b10d1/fast"
make[2]: Entering directory '/home/mistery/opt/Ulx3sSmp/buildroot-build/build/eez-simulator/CMakeFiles/CMakeTmp'
/usr/bin/make -f CMakeFiles/cmTC_b10d1.dir/build.make CMakeFiles/cmTC_b10d1.dir/build
make[3]: Entering directory '/home/mistery/opt/Ulx3sSmp/buildroot-build/build/eez-simulator/CMakeFiles/CMakeTmp'
Building C object CMakeFiles/cmTC_b10d1.dir/CheckSymbolExists.c.o
/home/mistery/opt/Ulx3sSmp/buildroot-build/per-package/eez-simulator/host/bin/riscv32-buildroot-linux-gnu-gcc --sysroot=/home/mistery/opt/Ulx3sSmp/buildroot-build/per-package/eez-simulator/host/riscv32-buildroot-linux-gnu/sysroot   -D_LARGEFILE_SOURCE -D_LARGEFILE64_SOURCE -D_FILE_OFFSET_BITS=64 -Os -DSYS_futex=SYS_futex_time64 -D__NR_futex=__NR_futex_time64   -DNDEBUG   -o CMakeFiles/cmTC_b10d1.dir/CheckSymbolExists.c.o   -c /home/mistery/opt/Ulx3sSmp/buildroot-build/build/eez-simulator/CMakeFiles/CMakeTmp/CheckSymbolExists.c
Linking C executable cmTC_b10d1
/usr/bin/cmake -E cmake_link_script CMakeFiles/cmTC_b10d1.dir/link.txt --verbose=1
/home/mistery/opt/Ulx3sSmp/buildroot-build/per-package/eez-simulator/host/bin/riscv32-buildroot-linux-gnu-gcc --sysroot=/home/mistery/opt/Ulx3sSmp/buildroot-build/per-package/eez-simulator/host/riscv32-buildroot-linux-gnu/sysroot -D_LARGEFILE_SOURCE -D_LARGEFILE64_SOURCE -D_FILE_OFFSET_BITS=64 -Os -DSYS_futex=SYS_futex_time64 -D__NR_futex=__NR_futex_time64   -DNDEBUG    CMakeFiles/cmTC_b10d1.dir/CheckSymbolExists.c.o  -o cmTC_b10d1 
/home/mistery/opt/Ulx3sSmp/buildroot-build/per-package/eez-simulator/host/bin/../lib/gcc/riscv32-buildroot-linux-gnu/10.2.0/../../../../riscv32-buildroot-linux-gnu/bin/ld: CMakeFiles/cmTC_b10d1.dir/CheckSymbolExists.c.o: in function `main':
CheckSymbolExists.c:(.text.startup+0x0): undefined reference to `pthread_create'
/home/mistery/opt/Ulx3sSmp/buildroot-build/per-package/eez-simulator/host/bin/../lib/gcc/riscv32-buildroot-linux-gnu/10.2.0/../../../../riscv32-buildroot-linux-gnu/bin/ld: CheckSymbolExists.c:(.text.startup+0x4): undefined reference to `pthread_create'
collect2: error: ld returned 1 exit status
make[3]: *** [CMakeFiles/cmTC_b10d1.dir/build.make:87: cmTC_b10d1] Error 1
make[3]: Leaving directory '/home/mistery/opt/Ulx3sSmp/buildroot-build/build/eez-simulator/CMakeFiles/CMakeTmp'
make[2]: *** [Makefile:121: cmTC_b10d1/fast] Error 2
make[2]: Leaving directory '/home/mistery/opt/Ulx3sSmp/buildroot-build/build/eez-simulator/CMakeFiles/CMakeTmp'

File /home/mistery/opt/Ulx3sSmp/buildroot-build/build/eez-simulator/CMakeFiles/CMakeTmp/CheckSymbolExists.c:
/* */
#include <pthread.h>

int main(int argc, char** argv)
{
  (void)argv;
#ifndef pthread_create
  return ((int*)(&pthread_create))[argc];
#else
  (void)argc;
  return 0;
#endif
}

Determining if the function pthread_create exists in the pthreads failed with the following output:
Change Dir: /home/mistery/opt/Ulx3sSmp/buildroot-build/build/eez-simulator/CMakeFiles/CMakeTmp

Run Build Command:"/usr/bin/make" "cmTC_0eb41/fast"
make[2]: Entering directory '/home/mistery/opt/Ulx3sSmp/buildroot-build/build/eez-simulator/CMakeFiles/CMakeTmp'
/usr/bin/make -f CMakeFiles/cmTC_0eb41.dir/build.make CMakeFiles/cmTC_0eb41.dir/build
make[3]: Entering directory '/home/mistery/opt/Ulx3sSmp/buildroot-build/build/eez-simulator/CMakeFiles/CMakeTmp'
Building C object CMakeFiles/cmTC_0eb41.dir/CheckFunctionExists.c.o
/home/mistery/opt/Ulx3sSmp/buildroot-build/per-package/eez-simulator/host/bin/riscv32-buildroot-linux-gnu-gcc --sysroot=/home/mistery/opt/Ulx3sSmp/buildroot-build/per-package/eez-simulator/host/riscv32-buildroot-linux-gnu/sysroot   -D_LARGEFILE_SOURCE -D_LARGEFILE64_SOURCE -D_FILE_OFFSET_BITS=64 -Os -DSYS_futex=SYS_futex_time64 -D__NR_futex=__NR_futex_time64 -DCHECK_FUNCTION_EXISTS=pthread_create  -DNDEBUG   -o CMakeFiles/cmTC_0eb41.dir/CheckFunctionExists.c.o   -c /usr/share/cmake-3.13/Modules/CheckFunctionExists.c
Linking C executable cmTC_0eb41
/usr/bin/cmake -E cmake_link_script CMakeFiles/cmTC_0eb41.dir/link.txt --verbose=1
/home/mistery/opt/Ulx3sSmp/buildroot-build/per-package/eez-simulator/host/bin/riscv32-buildroot-linux-gnu-gcc --sysroot=/home/mistery/opt/Ulx3sSmp/buildroot-build/per-package/eez-simulator/host/riscv32-buildroot-linux-gnu/sysroot -D_LARGEFILE_SOURCE -D_LARGEFILE64_SOURCE -D_FILE_OFFSET_BITS=64 -Os -DSYS_futex=SYS_futex_time64 -D__NR_futex=__NR_futex_time64 -DCHECK_FUNCTION_EXISTS=pthread_create  -DNDEBUG    CMakeFiles/cmTC_0eb41.dir/CheckFunctionExists.c.o  -o cmTC_0eb41 -lpthreads 
/home/mistery/opt/Ulx3sSmp/buildroot-build/per-package/eez-simulator/host/bin/../lib/gcc/riscv32-buildroot-linux-gnu/10.2.0/../../../../riscv32-buildroot-linux-gnu/bin/ld: cannot find -lpthreads
collect2: error: ld returned 1 exit status
make[3]: *** [CMakeFiles/cmTC_0eb41.dir/build.make:87: cmTC_0eb41] Error 1
make[3]: Leaving directory '/home/mistery/opt/Ulx3sSmp/buildroot-build/build/eez-simulator/CMakeFiles/CMakeTmp'
make[2]: *** [Makefile:121: cmTC_0eb41/fast] Error 2
make[2]: Leaving directory '/home/mistery/opt/Ulx3sSmp/buildroot-build/build/eez-simulator/CMakeFiles/CMakeTmp'


Determining if the pthread_create exist failed with the following output:
Change Dir: /home/mistery/opt/Ulx3sSmp/buildroot-build/build/eez-simulator/CMakeFiles/CMakeTmp

Run Build Command:"/usr/bin/make" "cmTC_bbaa7/fast"
make[2]: Entering directory '/home/mistery/opt/Ulx3sSmp/buildroot-build/build/eez-simulator/CMakeFiles/CMakeTmp'
/usr/bin/make -f CMakeFiles/cmTC_bbaa7.dir/build.make CMakeFiles/cmTC_bbaa7.dir/build
make[3]: Entering directory '/home/mistery/opt/Ulx3sSmp/buildroot-build/build/eez-simulator/CMakeFiles/CMakeTmp'
Building C object CMakeFiles/cmTC_bbaa7.dir/CheckSymbolExists.c.o
/home/mistery/opt/Ulx3sSmp/buildroot-build/per-package/eez-simulator/host/bin/riscv32-buildroot-linux-gnu-gcc --sysroot=/home/mistery/opt/Ulx3sSmp/buildroot-build/per-package/eez-simulator/host/riscv32-buildroot-linux-gnu/sysroot   -D_LARGEFILE_SOURCE -D_LARGEFILE64_SOURCE -D_FILE_OFFSET_BITS=64 -Os -DSYS_futex=SYS_futex_time64 -D__NR_futex=__NR_futex_time64   -DNDEBUG   -o CMakeFiles/cmTC_bbaa7.dir/CheckSymbolExists.c.o   -c /home/mistery/opt/Ulx3sSmp/buildroot-build/build/eez-simulator/CMakeFiles/CMakeTmp/CheckSymbolExists.c
Linking C executable cmTC_bbaa7
/usr/bin/cmake -E cmake_link_script CMakeFiles/cmTC_bbaa7.dir/link.txt --verbose=1
/home/mistery/opt/Ulx3sSmp/buildroot-build/per-package/eez-simulator/host/bin/riscv32-buildroot-linux-gnu-gcc --sysroot=/home/mistery/opt/Ulx3sSmp/buildroot-build/per-package/eez-simulator/host/riscv32-buildroot-linux-gnu/sysroot -D_LARGEFILE_SOURCE -D_LARGEFILE64_SOURCE -D_FILE_OFFSET_BITS=64 -Os -DSYS_futex=SYS_futex_time64 -D__NR_futex=__NR_futex_time64   -DNDEBUG    CMakeFiles/cmTC_bbaa7.dir/CheckSymbolExists.c.o  -o cmTC_bbaa7 
/home/mistery/opt/Ulx3sSmp/buildroot-build/per-package/eez-simulator/host/bin/../lib/gcc/riscv32-buildroot-linux-gnu/10.2.0/../../../../riscv32-buildroot-linux-gnu/bin/ld: CMakeFiles/cmTC_bbaa7.dir/CheckSymbolExists.c.o: in function `main':
CheckSymbolExists.c:(.text.startup+0x0): undefined reference to `pthread_create'
/home/mistery/opt/Ulx3sSmp/buildroot-build/per-package/eez-simulator/host/bin/../lib/gcc/riscv32-buildroot-linux-gnu/10.2.0/../../../../riscv32-buildroot-linux-gnu/bin/ld: CheckSymbolExists.c:(.text.startup+0x4): undefined reference to `pthread_create'
collect2: error: ld returned 1 exit status
make[3]: *** [CMakeFiles/cmTC_bbaa7.dir/build.make:87: cmTC_bbaa7] Error 1
make[3]: Leaving directory '/home/mistery/opt/Ulx3sSmp/buildroot-build/build/eez-simulator/CMakeFiles/CMakeTmp'
make[2]: *** [Makefile:121: cmTC_bbaa7/fast] Error 2
make[2]: Leaving directory '/home/mistery/opt/Ulx3sSmp/buildroot-build/build/eez-simulator/CMakeFiles/CMakeTmp'

File /home/mistery/opt/Ulx3sSmp/buildroot-build/build/eez-simulator/CMakeFiles/CMakeTmp/CheckSymbolExists.c:
/* */
#include <pthread.h>

int main(int argc, char** argv)
{
  (void)argv;
#ifndef pthread_create
  return ((int*)(&pthread_create))[argc];
#else
  (void)argc;
  return 0;
#endif
}

Determining if the function pthread_create exists in the pthreads failed with the following output:
Change Dir: /home/mistery/opt/Ulx3sSmp/buildroot-build/build/eez-simulator/CMakeFiles/CMakeTmp

Run Build Command:"/usr/bin/make" "cmTC_01349/fast"
make[2]: Entering directory '/home/mistery/opt/Ulx3sSmp/buildroot-build/build/eez-simulator/CMakeFiles/CMakeTmp'
/usr/bin/make -f CMakeFiles/cmTC_01349.dir/build.make CMakeFiles/cmTC_01349.dir/build
make[3]: Entering directory '/home/mistery/opt/Ulx3sSmp/buildroot-build/build/eez-simulator/CMakeFiles/CMakeTmp'
Building C object CMakeFiles/cmTC_01349.dir/CheckFunctionExists.c.o
/home/mistery/opt/Ulx3sSmp/buildroot-build/per-package/eez-simulator/host/bin/riscv32-buildroot-linux-gnu-gcc --sysroot=/home/mistery/opt/Ulx3sSmp/buildroot-build/per-package/eez-simulator/host/riscv32-buildroot-linux-gnu/sysroot   -D_LARGEFILE_SOURCE -D_LARGEFILE64_SOURCE -D_FILE_OFFSET_BITS=64 -Os -DSYS_futex=SYS_futex_time64 -D__NR_futex=__NR_futex_time64 -DCHECK_FUNCTION_EXISTS=pthread_create  -DNDEBUG   -o CMakeFiles/cmTC_01349.dir/CheckFunctionExists.c.o   -c /usr/share/cmake-3.13/Modules/CheckFunctionExists.c
Linking C executable cmTC_01349
/usr/bin/cmake -E cmake_link_script CMakeFiles/cmTC_01349.dir/link.txt --verbose=1
/home/mistery/opt/Ulx3sSmp/buildroot-build/per-package/eez-simulator/host/bin/riscv32-buildroot-linux-gnu-gcc --sysroot=/home/mistery/opt/Ulx3sSmp/buildroot-build/per-package/eez-simulator/host/riscv32-buildroot-linux-gnu/sysroot -D_LARGEFILE_SOURCE -D_LARGEFILE64_SOURCE -D_FILE_OFFSET_BITS=64 -Os -DSYS_futex=SYS_futex_time64 -D__NR_futex=__NR_futex_time64 -DCHECK_FUNCTION_EXISTS=pthread_create  -DNDEBUG    CMakeFiles/cmTC_01349.dir/CheckFunctionExists.c.o  -o cmTC_01349 -lpthreads 
/home/mistery/opt/Ulx3sSmp/buildroot-build/per-package/eez-simulator/host/bin/../lib/gcc/riscv32-buildroot-linux-gnu/10.2.0/../../../../riscv32-buildroot-linux-gnu/bin/ld: cannot find -lpthreads
collect2: error: ld returned 1 exit status
make[3]: *** [CMakeFiles/cmTC_01349.dir/build.make:87: cmTC_01349] Error 1
make[3]: Leaving directory '/home/mistery/opt/Ulx3sSmp/buildroot-build/build/eez-simulator/CMakeFiles/CMakeTmp'
make[2]: *** [Makefile:121: cmTC_01349/fast] Error 2
make[2]: Leaving directory '/home/mistery/opt/Ulx3sSmp/buildroot-build/build/eez-simulator/CMakeFiles/CMakeTmp'


Determining if the pthread_create exist failed with the following output:
Change Dir: /home/mistery/opt/Ulx3sSmp/buildroot-build/build/eez-simulator/CMakeFiles/CMakeTmp

Run Build Command:"/usr/bin/make" "cmTC_4ad9f/fast"
make[2]: Entering directory '/home/mistery/opt/Ulx3sSmp/buildroot-build/build/eez-simulator/CMakeFiles/CMakeTmp'
/usr/bin/make -f CMakeFiles/cmTC_4ad9f.dir/build.make CMakeFiles/cmTC_4ad9f.dir/build
make[3]: Entering directory '/home/mistery/opt/Ulx3sSmp/buildroot-build/build/eez-simulator/CMakeFiles/CMakeTmp'
Building C object CMakeFiles/cmTC_4ad9f.dir/CheckSymbolExists.c.o
/home/mistery/opt/Ulx3sSmp/buildroot-build/per-package/eez-simulator/host/bin/riscv32-buildroot-linux-gnu-gcc --sysroot=/home/mistery/opt/Ulx3sSmp/buildroot-build/per-package/eez-simulator/host/riscv32-buildroot-linux-gnu/sysroot   -D_LARGEFILE_SOURCE -D_LARGEFILE64_SOURCE -D_FILE_OFFSET_BITS=64 -Os -DSYS_futex=SYS_futex_time64 -D__NR_futex=__NR_futex_time64   -DNDEBUG   -o CMakeFiles/cmTC_4ad9f.dir/CheckSymbolExists.c.o   -c /home/mistery/opt/Ulx3sSmp/buildroot-build/build/eez-simulator/CMakeFiles/CMakeTmp/CheckSymbolExists.c
Linking C executable cmTC_4ad9f
/usr/bin/cmake -E cmake_link_script CMakeFiles/cmTC_4ad9f.dir/link.txt --verbose=1
/home/mistery/opt/Ulx3sSmp/buildroot-build/per-package/eez-simulator/host/bin/riscv32-buildroot-linux-gnu-gcc --sysroot=/home/mistery/opt/Ulx3sSmp/buildroot-build/per-package/eez-simulator/host/riscv32-buildroot-linux-gnu/sysroot -D_LARGEFILE_SOURCE -D_LARGEFILE64_SOURCE -D_FILE_OFFSET_BITS=64 -Os -DSYS_futex=SYS_futex_time64 -D__NR_futex=__NR_futex_time64   -DNDEBUG    CMakeFiles/cmTC_4ad9f.dir/CheckSymbolExists.c.o  -o cmTC_4ad9f 
/home/mistery/opt/Ulx3sSmp/buildroot-build/per-package/eez-simulator/host/bin/../lib/gcc/riscv32-buildroot-linux-gnu/10.2.0/../../../../riscv32-buildroot-linux-gnu/bin/ld: CMakeFiles/cmTC_4ad9f.dir/CheckSymbolExists.c.o: in function `main':
CheckSymbolExists.c:(.text.startup+0x0): undefined reference to `pthread_create'
/home/mistery/opt/Ulx3sSmp/buildroot-build/per-package/eez-simulator/host/bin/../lib/gcc/riscv32-buildroot-linux-gnu/10.2.0/../../../../riscv32-buildroot-linux-gnu/bin/ld: CheckSymbolExists.c:(.text.startup+0x4): undefined reference to `pthread_create'
collect2: error: ld returned 1 exit status
make[3]: *** [CMakeFiles/cmTC_4ad9f.dir/build.make:87: cmTC_4ad9f] Error 1
make[3]: Leaving directory '/home/mistery/opt/Ulx3sSmp/buildroot-build/build/eez-simulator/CMakeFiles/CMakeTmp'
make[2]: *** [Makefile:121: cmTC_4ad9f/fast] Error 2
make[2]: Leaving directory '/home/mistery/opt/Ulx3sSmp/buildroot-build/build/eez-simulator/CMakeFiles/CMakeTmp'

File /home/mistery/opt/Ulx3sSmp/buildroot-build/build/eez-simulator/CMakeFiles/CMakeTmp/CheckSymbolExists.c:
/* */
#include <pthread.h>

int main(int argc, char** argv)
{
  (void)argv;
#ifndef pthread_create
  return ((int*)(&pthread_create))[argc];
#else
  (void)argc;
  return 0;
#endif
}

